<?xml version="1.0" encoding="UTF-8" ?>
<testsuite tests="2" failures="1" name="lt.viko.eif.dziukas.soap.transform.TransformationTest" time="0.356" errors="0" skipped="0">
  <properties>
    <property name="java.runtime.name" value="OpenJDK Runtime Environment"/>
    <property name="java.vm.version" value="11.0.10+9-LTS"/>
    <property name="sun.boot.library.path" value="C:\Program Files\Amazon Corretto\jdk11.0.10_9\bin"/>
    <property name="maven.multiModuleProjectDirectory" value="C:\Users\daino\OneDrive\Documents\NetBeansProjects\soap-teamPlayers"/>
    <property name="java.vm.vendor" value="Amazon.com Inc."/>
    <property name="java.vendor.url" value="https://aws.amazon.com/corretto/"/>
    <property name="guice.disable.misplaced.annotation.check" value="true"/>
    <property name="path.separator" value=";"/>
    <property name="java.vm.name" value="OpenJDK 64-Bit Server VM"/>
    <property name="sun.os.patch.level" value=""/>
    <property name="user.script" value=""/>
    <property name="user.country" value="GB"/>
    <property name="sun.java.launcher" value="SUN_STANDARD"/>
    <property name="test" value="lt.viko.eif.dziukas.soap.transform.TransformationTest"/>
    <property name="java.vm.specification.name" value="Java Virtual Machine Specification"/>
    <property name="user.dir" value="C:\Users\daino\OneDrive\Documents\NetBeansProjects\soap-teamPlayers"/>
    <property name="java.vm.compressedOopsMode" value="32-bit"/>
    <property name="java.runtime.version" value="11.0.10+9-LTS"/>
    <property name="java.awt.graphicsenv" value="sun.awt.Win32GraphicsEnvironment"/>
    <property name="os.arch" value="amd64"/>
    <property name="java.io.tmpdir" value="C:\Users\daino\AppData\Local\Temp\"/>
    <property name="line.separator" value="
"/>
    <property name="java.vm.specification.vendor" value="Oracle Corporation"/>
    <property name="user.variant" value=""/>
    <property name="os.name" value="Windows 10"/>
    <property name="maven.ext.class.path" value="C:\Program Files\NetBeans-11.1\netbeans\java\maven-nblib\netbeans-eventspy.jar"/>
    <property name="classworlds.conf" value="C:\Program Files\NetBeans-11.1\netbeans\java\maven\bin\m2.conf"/>
    <property name="sun.jnu.encoding" value="Cp1252"/>
    <property name="java.library.path" value="C:\Program Files\Amazon Corretto\jdk11.0.10_9\bin;C:\Windows\Sun\Java\bin;C:\Windows\system32;C:\Windows;C:\Program Files (x86)\Common Files\Oracle\Java\javapath;C:\Program Files (x86)\Razer Chroma SDK\bin;C:\Program Files\Razer Chroma SDK\bin;C:\Program Files (x86)\Razer\ChromaBroadcast\bin;C:\Program Files\Razer\ChromaBroadcast\bin;C:\Program Files\Amazon Corretto\jdk11.0.10_9\bin;C:\Program Files\Common Files\Oracle\Java\javapath;C:\Windows\system32;C:\Windows;C:\Windows\System32\Wbem;C:\Windows\System32\WindowsPowerShell\v1.0\;C:\Windows\System32\OpenSSH\;C:\Program Files\dotnet\;C:\Program Files\Microsoft SQL Server\130\Tools\Binn\;C:\Program Files\Microsoft SQL Server\Client SDK\ODBC\170\Tools\Binn\;C:\Program Files (x86)\Microsoft SQL Server\150\DTS\Binn\;C:\Program Files\Azure Data Studio\bin;C:\Windows\system32\config\systemprofile\AppData\Local\Microsoft\WindowsApps;C:\Program Files\nodejs\;C:\Users\daino\AppData\Local\Microsoft\WindowsApps;C:\Users\daino\.dotnet\tools;C:\Program Files\Azure Data Studio\bin;C:\Users\daino\AppData\Roaming\npm;C:\Users\daino\AppData\Local\Programs\Microsoft VS Code\bin;."/>
    <property name="jdk.debug" value="release"/>
    <property name="java.class.version" value="55.0"/>
    <property name="java.specification.name" value="Java Platform API Specification"/>
    <property name="sun.management.compiler" value="HotSpot 64-Bit Tiered Compilers"/>
    <property name="os.version" value="10.0"/>
    <property name="user.home" value="C:\Users\daino"/>
    <property name="user.timezone" value="Europe/Helsinki"/>
    <property name="java.awt.printerjob" value="sun.awt.windows.WPrinterJob"/>
    <property name="file.encoding" value="UTF-8"/>
    <property name="java.specification.version" value="11"/>
    <property name="user.name" value="daino"/>
    <property name="java.class.path" value="C:\Program Files\NetBeans-11.1\netbeans\java\maven\boot\plexus-classworlds-2.5.2.jar"/>
    <property name="java.vm.specification.version" value="11"/>
    <property name="sun.arch.data.model" value="64"/>
    <property name="sun.java.command" value="org.codehaus.plexus.classworlds.launcher.Launcher -Dtest=lt.viko.eif.dziukas.soap.transform.TransformationTest -Dmaven.ext.class.path=C:\Program Files\NetBeans-11.1\netbeans\java\maven-nblib\netbeans-eventspy.jar -Dfile.encoding=UTF-8 surefire:test"/>
    <property name="java.home" value="C:\Program Files\Amazon Corretto\jdk11.0.10_9"/>
    <property name="user.language" value="en"/>
    <property name="java.specification.vendor" value="Oracle Corporation"/>
    <property name="awt.toolkit" value="sun.awt.windows.WToolkit"/>
    <property name="java.vm.info" value="mixed mode"/>
    <property name="java.version" value="11.0.10"/>
    <property name="java.vendor" value="Amazon.com Inc."/>
    <property name="maven.home" value="C:\Program Files\NetBeans-11.1\netbeans\java\maven"/>
    <property name="file.separator" value="\"/>
    <property name="java.version.date" value="2021-01-19"/>
    <property name="java.vendor.url.bug" value="https://github.com/corretto/corretto-11/issues/"/>
    <property name="sun.io.unicode.encoding" value="UnicodeLittle"/>
    <property name="sun.cpu.endian" value="little"/>
    <property name="java.vendor.version" value="Corretto-11.0.10.9.1"/>
    <property name="sun.desktop" value="windows"/>
    <property name="sun.cpu.isalist" value="amd64"/>
  </properties>
  <testcase classname="lt.viko.eif.dziukas.soap.transform.TransformationTest" name="lt.viko.eif.dziukas.soap.transform.TransformationTest.testTransformToPOJO" time="0.339">
    <failure message="expected: &lt;
Team: 
	teamName: null 
	location: null 
	conference: null 
	division: null 
	founded: null 
	titleCount: null 
	arena: null 
	teamColors: null 
	headCoach: null 
	players: null&gt; but was: &lt;
Team: 
	teamName: Clippers 
	location: Los Angeles 
	conference: Western 
	division: Pacific 
	founded: 1947 
	titleCount: 18 
	arena: Staples Center 
	teamColors: 
		teamColor[Purple, Gold, Black] 
	headCoach: 
		coachName: Frank 
		coachSurname:Vogel 
		coachAge: 47 
	players: 
		 player:[
			playerName: LeBron 
			playerSurname: James 
			playerAge: 36 
			tposition: F 
			height: 206 
			weight: 113 
, 
			playerName: Alex 
			playerSurname: Caruso 
			playerAge: 27 
			tposition: G 
			height: 196 
			weight: 84 
, 
			playerName: Kostas 
			playerSurname: Antetekoumpo 
			playerAge: 23 
			tposition: F 
			height: 208 
			weight: 91 
, 
			playerName: Kentavious 
			playerSurname: Cardwell-Pope 
			playerAge: 28 
			tposition: G 
			height: 196 
			weight: 93 
, 
			playerName: Jared 
			playerSurname: Dudley 
			playerAge: 36 
			tposition: F 
			height: 198 
			weight: 108 
, 
			playerName: Montrezl 
			playerSurname: Harrell 
			playerAge: 27 
			tposition: C 
			height: 201 
			weight: 109 
, 
			playerName: Kyle 
			playerSurname: Kuzma 
			playerAge: 25 
			tposition: F 
			height: 203 
			weight: 100 
, 
			playerName: Markieff 
			playerSurname: Morris 
			playerAge: 32 
			tposition: F 
			height: 203 
			weight: 111 
, 
			playerName: Andre 
			playerSurname: Drummond 
			playerAge: 27 
			tposition: C 
			height: 207 
			weight: 127 
, 
			playerName: Dainoras 
			playerSurname: Ziukas 
			playerAge: 22 
			tposition: PG 
			height: 195 
			weight: 110 
, 
			playerName: Marc 
			playerSurname: Gasol 
			playerAge: 34 
			tposition: C 
			height: 206 
			weight: 120 
, 
			playerName: Marc 
			playerSurname: Gasol 
			playerAge: 34 
			tposition: C 
			height: 206 
			weight: 120 
, 
			playerName: Marc 
			playerSurname: Gasol 
			playerAge: 34 
			tposition: C 
			height: 206 
			weight: 120 
, 
			playerName: Marc 
			playerSurname: Gasol 
			playerAge: 34 
			tposition: C 
			height: 206 
			weight: 120 
, 
			playerName: Marc 
			playerSurname: Gasol 
			playerAge: 34 
			tposition: C 
			height: 206 
			weight: 120 
, 
			playerName: Marc 
			playerSurname: Gasol 
			playerAge: 34 
			tposition: C 
			height: 206 
			weight: 120 
, 
			playerName: Marc 
			playerSurname: Gasol 
			playerAge: 34 
			tposition: C 
			height: 206 
			weight: 120 
, 
			playerName: Marc 
			playerSurname: Gasol 
			playerAge: 34 
			tposition: C 
			height: 206 
			weight: 120 
]&gt;" type="org.opentest4j.AssertionFailedError">org.opentest4j.AssertionFailedError: expected: &lt;
Team: 
	teamName: null 
	location: null 
	conference: null 
	division: null 
	founded: null 
	titleCount: null 
	arena: null 
	teamColors: null 
	headCoach: null 
	players: null&gt; but was: &lt;
Team: 
	teamName: Clippers 
	location: Los Angeles 
	conference: Western 
	division: Pacific 
	founded: 1947 
	titleCount: 18 
	arena: Staples Center 
	teamColors: 
		teamColor[Purple, Gold, Black] 
	headCoach: 
		coachName: Frank 
		coachSurname:Vogel 
		coachAge: 47 
	players: 
		 player:[
			playerName: LeBron 
			playerSurname: James 
			playerAge: 36 
			tposition: F 
			height: 206 
			weight: 113 
, 
			playerName: Alex 
			playerSurname: Caruso 
			playerAge: 27 
			tposition: G 
			height: 196 
			weight: 84 
, 
			playerName: Kostas 
			playerSurname: Antetekoumpo 
			playerAge: 23 
			tposition: F 
			height: 208 
			weight: 91 
, 
			playerName: Kentavious 
			playerSurname: Cardwell-Pope 
			playerAge: 28 
			tposition: G 
			height: 196 
			weight: 93 
, 
			playerName: Jared 
			playerSurname: Dudley 
			playerAge: 36 
			tposition: F 
			height: 198 
			weight: 108 
, 
			playerName: Montrezl 
			playerSurname: Harrell 
			playerAge: 27 
			tposition: C 
			height: 201 
			weight: 109 
, 
			playerName: Kyle 
			playerSurname: Kuzma 
			playerAge: 25 
			tposition: F 
			height: 203 
			weight: 100 
, 
			playerName: Markieff 
			playerSurname: Morris 
			playerAge: 32 
			tposition: F 
			height: 203 
			weight: 111 
, 
			playerName: Andre 
			playerSurname: Drummond 
			playerAge: 27 
			tposition: C 
			height: 207 
			weight: 127 
, 
			playerName: Dainoras 
			playerSurname: Ziukas 
			playerAge: 22 
			tposition: PG 
			height: 195 
			weight: 110 
, 
			playerName: Marc 
			playerSurname: Gasol 
			playerAge: 34 
			tposition: C 
			height: 206 
			weight: 120 
, 
			playerName: Marc 
			playerSurname: Gasol 
			playerAge: 34 
			tposition: C 
			height: 206 
			weight: 120 
, 
			playerName: Marc 
			playerSurname: Gasol 
			playerAge: 34 
			tposition: C 
			height: 206 
			weight: 120 
, 
			playerName: Marc 
			playerSurname: Gasol 
			playerAge: 34 
			tposition: C 
			height: 206 
			weight: 120 
, 
			playerName: Marc 
			playerSurname: Gasol 
			playerAge: 34 
			tposition: C 
			height: 206 
			weight: 120 
, 
			playerName: Marc 
			playerSurname: Gasol 
			playerAge: 34 
			tposition: C 
			height: 206 
			weight: 120 
, 
			playerName: Marc 
			playerSurname: Gasol 
			playerAge: 34 
			tposition: C 
			height: 206 
			weight: 120 
, 
			playerName: Marc 
			playerSurname: Gasol 
			playerAge: 34 
			tposition: C 
			height: 206 
			weight: 120 
]&gt;
	at org.junit.jupiter.api.AssertionUtils.fail(AssertionUtils.java:54)
	at org.junit.jupiter.api.AssertEquals.failNotEqual(AssertEquals.java:195)
	at org.junit.jupiter.api.AssertEquals.assertEquals(AssertEquals.java:184)
	at org.junit.jupiter.api.AssertEquals.assertEquals(AssertEquals.java:179)
	at org.junit.jupiter.api.Assertions.assertEquals(Assertions.java:508)
	at lt.viko.eif.dziukas.soap.transform.TransformationTest.testTransformToPOJO(TransformationTest.java:46)
</failure>
    <system-out>transformToPOJO
</system-out>
  </testcase>
  <testcase classname="lt.viko.eif.dziukas.soap.transform.TransformationTest" name="lt.viko.eif.dziukas.soap.transform.TransformationTest.testTransformToXml" time="0.017"/>
</testsuite>